[retrain] PRC bias already saved at spoof_workdir/bias_prc_0.6B_extn5k.pt; loading
[retrain] PRC bias has 347830 ctx
[retrain] loading KGW results from kgw_workdir_extn5k_06b ...
[retrain] KGW: 4983 wm + 4983 nw  (8s)
[retrain] training KGW bias ...
[attack] accumulating wm counts from 4983 samples ...
[attack] accumulating nw counts from 4983 samples ...
[attack] 2628820 distinct contexts observed
[attack] retained 333365 contexts after min_obs/positive-ratio filter
[retrain] saved KGW bias (333365 ctx) -> spoof_workdir/bias_kgw_0.6B_extn5k.pt (901s)
[sanity] loading keys/partition from base artifacts ...
[sanity] KGW bias vs KGW key (expect ~65%) ...
   green=967068/1468398 = 65.859%
[sanity] PRC bias vs KGW key (expect ~25% chance) ...
   green=365430/1469993 = 24.859%
[sanity] PRC bias vs PRC partition[1] (expect ~50% chance) ...
   bit=1: 682283/1469993 = 46.414%
[sanity] KGW bias vs PRC partition[1] (expect ~50% chance) ...
   bit=1: 693911/1468398 = 47.256%
Traceback (most recent call last):
  File "/home/anurakas/nanochat/retrain_bias_extn5k.py", line 162, in <module>
    main()
  File "/home/anurakas/nanochat/retrain_bias_extn5k.py", line 147, in main
    "prc_results": len(prc_wm) + len(prc_nw),
UnboundLocalError: local variable 'prc_wm' referenced before assignment
